<?xml version="1.0" encoding="UTF-8"?>
<testsuites name="Mocha Tests" time="594.5949999999999" tests="12" failures="0">
  <testsuite name="Root Suite" timestamp="2016-04-08T16:33:02" tests="0" failures="0" time="0">
  </testsuite>
  <testsuite name="nexe can bundle express" timestamp="2016-04-08T16:33:02" tests="0" failures="0" time="0">
  </testsuite>
  <testsuite name="build" timestamp="2016-04-08T16:33:02" tests="2" failures="0" time="14.794">
    <testcase name="Root Suite nexe can bundle express build compiles without errors" time="14.394" classname="compiles without errors">
    </testcase>
    <testcase name="Root Suite nexe can bundle express build runs successfully" time="0.4" classname="runs successfully">
    </testcase>
  </testsuite>
  <testsuite name="nexe and embedding files" timestamp="2016-04-08T16:33:17" tests="0" failures="0" time="0">
  </testsuite>
  <testsuite name="build" timestamp="2016-04-08T16:33:17" tests="2" failures="0" time="540.663">
    <testcase name="Root Suite nexe and embedding files build compiles without errors" time="540.614" classname="compiles without errors">
    </testcase>
    <testcase name="Root Suite nexe and embedding files build runs successfully" time="0.049" classname="runs successfully">
    </testcase>
  </testsuite>
  <testsuite name="v8 flags test (strict mode)" timestamp="2016-04-08T16:42:17" tests="0" failures="0" time="0">
  </testsuite>
  <testsuite name="build" timestamp="2016-04-08T16:42:17" tests="2" failures="0" time="13.971">
    <testcase name="Root Suite v8 flags test (strict mode) build compiles without errors" time="13.919" classname="compiles without errors">
    </testcase>
    <testcase name="Root Suite v8 flags test (strict mode) build runs successfully" time="0.052" classname="runs successfully">
    </testcase>
  </testsuite>
  <testsuite name="nexe can be utilized in gulp test" timestamp="2016-04-08T16:42:31" tests="0" failures="0" time="0">
  </testsuite>
  <testsuite name="build" timestamp="2016-04-08T16:42:31" tests="2" failures="0" time="9.531">
    <testcase name="Root Suite nexe can be utilized in gulp test build compiles without errors" time="9.47" classname="compiles without errors">
    </testcase>
    <testcase name="Root Suite nexe can be utilized in gulp test build runs successfully" time="0.061" classname="runs successfully">
    </testcase>
  </testsuite>
  <testsuite name="nexe can ignore node.js flags test" timestamp="2016-04-08T16:42:41" tests="0" failures="0" time="0">
  </testsuite>
  <testsuite name="build" timestamp="2016-04-08T16:42:41" tests="2" failures="0" time="6.828">
    <testcase name="Root Suite nexe can ignore node.js flags test build compiles without errors" time="6.774" classname="compiles without errors">
    </testcase>
    <testcase name="Root Suite nexe can ignore node.js flags test build runs successfully" time="0.054" classname="runs successfully">
    </testcase>
  </testsuite>
  <testsuite name="nexe supports js-yaml test" timestamp="2016-04-08T16:42:48" tests="0" failures="0" time="0">
  </testsuite>
  <testsuite name="build" timestamp="2016-04-08T16:42:48" tests="2" failures="0" time="8.808">
    <testcase name="Root Suite nexe supports js-yaml test build compiles without errors" time="8.743" classname="compiles without errors">
    </testcase>
    <testcase name="Root Suite nexe supports js-yaml test build runs successfully" time="0.065" classname="runs successfully">
    </testcase>
  </testsuite>
</testsuites>